2024-02-06 10:14:45,513 - INFO - [Debug] Init mutator: 2036405532
2024-02-06 10:14:47,236 - INFO - [Debug] Start mutator, buf:bytearray(b'Abcd'), add_buf:bytearray(b''), max_size:1048576
2024-02-06 10:14:57,242 - INFO - [Debug] Random text: b'y\x8d\xae\xd8\xb8\xd0\xda\x91y'
2024-02-06 10:14:57,243 - INFO - [Debug] Random text: b'\x8f4\x18\x95\xf9'
2024-02-06 10:14:57,243 - INFO - [Debug] Random text: b'H\xb5l\xcf\xd6i\xbd\xef'
2024-02-06 10:14:57,243 - INFO - [Debug] Random text: b'\xdd\xee\xfbm\xf4*'
2024-02-06 10:14:57,243 - INFO - [Debug] Random text: b'D\xdfH|\xe7\x8b\xc1\xa7'
2024-02-06 10:14:57,243 - INFO - [Debug] End mutator, res:bytearray(b'Abcdy\x8d\xae\xd8\xb8\xd0\xda\x91y\x8f4\x18\x95\xf9H\xb5l\xcf\xd6i\xbd\xef\xdd\xee\xfbm\xf4*D\xdfH|\xe7\x8b\xc1\xa7')
2024-02-06 10:14:57,273 - INFO - [Debug] Start mutator, buf:bytearray(b'Abcd'), add_buf:bytearray(b''), max_size:1048576
2024-02-06 10:15:07,278 - INFO - [Debug] Random text: b'\x0e\xc0}\x8dYA\xe8\xa6%'
2024-02-06 10:15:07,278 - INFO - [Debug] Random text: b'g\xf0hWI\xfc\x11\x02'
2024-02-06 10:15:07,278 - INFO - [Debug] Random text: b'\x7f^l'
2024-02-06 10:15:07,279 - INFO - [Debug] Random text: b'\xa2\xaac\xb1}\xc7'
2024-02-06 10:15:07,279 - INFO - [Debug] Random text: b'a\xb3\x1c\xe7'
2024-02-06 10:15:07,279 - INFO - [Debug] End mutator, res:bytearray(b'Abcd\x0e\xc0}\x8dYA\xe8\xa6%g\xf0hWI\xfc\x11\x02\x7f^l\xa2\xaac\xb1}\xc7a\xb3\x1c\xe7')
2024-02-06 10:15:07,295 - INFO - [Debug] Start mutator, buf:bytearray(b'Abcd'), add_buf:bytearray(b''), max_size:1048576
2024-02-06 10:15:17,296 - INFO - [Debug] Random text: b'p'
2024-02-06 10:15:17,297 - INFO - [Debug] Random text: b'q\xbf\xf6w_\xba@y\x88\xf0'
2024-02-06 10:15:17,297 - INFO - [Debug] Random text: b'i'
2024-02-06 10:15:17,297 - INFO - [Debug] Random text: b'\x8b-\xe0\x90'
2024-02-06 10:15:17,297 - INFO - [Debug] Random text: b'F3'
2024-02-06 10:15:17,297 - INFO - [Debug] End mutator, res:bytearray(b'Abcdpq\xbf\xf6w_\xba@y\x88\xf0i\x8b-\xe0\x90F3')
2024-02-06 11:25:43,148 - INFO - [Debug] Init mutator: 18243369
2024-02-06 11:25:44,275 - INFO - [Debug] Start mutator, buf:bytearray(b'FUZZ'), add_buf:bytearray(b''), max_size:1048576
2024-02-06 11:25:54,282 - INFO - [Debug] Random text: b'\xba'
2024-02-06 11:25:54,284 - INFO - [Debug] Random text: b'\xc0\xd7=\xf3\xfdy'
2024-02-06 11:25:54,284 - INFO - [Debug] Random text: b'\xe1)'
2024-02-06 11:25:54,284 - INFO - [Debug] Random text: b'\xb0\x1eeA\x0e\x18\xf1\x86'
2024-02-06 11:25:54,284 - INFO - [Debug] Random text: b'\xe2\xc0\x10'
2024-02-06 11:25:54,284 - INFO - [Debug] End mutator, res:bytearray(b'FUZZ\xba\xc0\xd7=\xf3\xfdy\xe1)\xb0\x1eeA\x0e\x18\xf1\x86\xe2\xc0\x10')
2024-02-06 11:25:54,322 - INFO - [Debug] Start mutator, buf:bytearray(b'FUZZ'), add_buf:bytearray(b''), max_size:1048576
2024-02-06 11:26:04,326 - INFO - [Debug] Random text: b'j\xe5\xc2\x0e\xcf\x11\x1c'
2024-02-06 11:26:04,326 - INFO - [Debug] Random text: b'\xa1'
2024-02-06 11:26:04,326 - INFO - [Debug] Random text: b'\xc6\x8d\x05\t3\xd9'
2024-02-06 11:26:04,326 - INFO - [Debug] Random text: b'\xbeh\x8a\x85\x1d\xc5r\x99%'
2024-02-06 11:26:04,326 - INFO - [Debug] Random text: b'\xb2\xa9\x0c\x92\xfc\xed'
2024-02-06 11:26:04,326 - INFO - [Debug] End mutator, res:bytearray(b'FUZZj\xe5\xc2\x0e\xcf\x11\x1c\xa1\xc6\x8d\x05\t3\xd9\xbeh\x8a\x85\x1d\xc5r\x99%\xb2\xa9\x0c\x92\xfc\xed')
